2024-05-09 01:13:26,151 NanoPlot 1.42.0 started with arguments Namespace(N50=True, alength=False, bam=None, barcoded=False, color='#4CB391', colormap='Greens', cram=None, downsample=None, dpi=100, drop_outliers=False, fasta=None, fastq=['../../../3_adapter_removal/third_run/barcode05/soft_filter/barcode05.trimmed.highquality.noadapter.fastq/BC05.fastq'], fastq_minimal=None, fastq_rich=None, feather=None, font_scale=1, format=['png'], hide_stats=False, huge=False, info_in_report=False, legacy=['dot'], listcolormaps=False, listcolors=False, loglength=False, maxlength=None, minlength=None, minqual=None, no_N50=False, no_static=False, no_supplementary=False, only_report=False, outdir='nanoplot', path='nanoplot/', percentqual=False, pickle=None, plots=['dot'], prefix='', raw=False, readtype='1D', runtime_until=None, store=False, summary=None, threads=5, title=None, tsv_stats=False, ubam=None, verbose=False)
2024-05-09 01:13:26,152 Python version is: 3.7.12 | packaged by conda-forge | (default, Oct 26 2021, 06:08:21)  [GCC 9.4.0]
2024-05-09 01:13:26,302 Nanoget: Starting to collect statistics from plain fastq file.
2024-05-09 01:29:24,015 Reduced DataFrame memory usage from 53.56391143798828Mb to 35.70927429199219Mb
2024-05-09 01:29:24,141 Nanoget: Gathered all metrics of 2340243 reads
2024-05-09 01:29:25,428 Calculated statistics
2024-05-09 01:29:25,430 Using sequenced read lengths for plotting.
2024-05-09 01:29:25,516 NanoPlot:  Valid color #4CB391.
2024-05-09 01:29:25,517 NanoPlot:  Valid colormap Greens.
2024-05-09 01:29:25,788 NanoPlot:  Creating length plots for Read length.
2024-05-09 01:29:25,794 NanoPlot: Using 2340243 reads with read length N50 of 5251bp and maximum of 60600bp.
2024-05-09 01:29:30,082 Saved nanoplot/WeightedHistogramReadlength  as png (or png for --legacy)
2024-05-09 01:29:31,962 Saved nanoplot/WeightedLogTransformed_HistogramReadlength  as png (or png for --legacy)
2024-05-09 01:29:33,209 Saved nanoplot/Non_weightedHistogramReadlength  as png (or png for --legacy)
2024-05-09 01:29:34,526 Saved nanoplot/Non_weightedLogTransformed_HistogramReadlength  as png (or png for --legacy)
2024-05-09 01:29:38,034 Saved nanoplot/Yield_By_Length  as png (or png for --legacy)
2024-05-09 01:29:38,049 Created length plots
2024-05-09 01:29:38,169 NanoPlot: Creating Read lengths vs Average read quality plots using 2340243 reads.
2024-05-09 01:29:40,558 Saved nanoplot/LengthvsQualityScatterPlot_dot  as png (or png for --legacy)
2024-05-09 01:29:40,573 Created LengthvsQual plot
2024-05-09 01:29:40,574 Writing html report.
2024-05-09 01:29:40,601 Finished!
