2024-05-08 02:14:26,824 NanoPlot 1.42.0 started with arguments Namespace(N50=True, alength=False, bam=None, barcoded=False, color='#4CB391', colormap='Greens', cram=None, downsample=None, dpi=100, drop_outliers=False, fasta=None, fastq=['../../../0_raw/third_run/barcode02/barcode02.fastq'], fastq_minimal=None, fastq_rich=None, feather=None, font_scale=1, format=['png'], hide_stats=False, huge=False, info_in_report=False, legacy=['dot'], listcolormaps=False, listcolors=False, loglength=False, maxlength=None, minlength=None, minqual=None, no_N50=False, no_static=False, no_supplementary=False, only_report=False, outdir='nanoplot', path='nanoplot/', percentqual=False, pickle=None, plots=['dot'], prefix='', raw=False, readtype='1D', runtime_until=None, store=False, summary=None, threads=5, title=None, tsv_stats=False, ubam=None, verbose=False)
2024-05-08 02:14:26,867 Python version is: 3.7.12 | packaged by conda-forge | (default, Oct 26 2021, 06:08:21)  [GCC 9.4.0]
2024-05-08 02:14:27,258 Nanoget: Starting to collect statistics from plain fastq file.
2024-05-08 02:39:17,381 Reduced DataFrame memory usage from 78.43480682373047Mb to 52.28987121582031Mb
2024-05-08 02:39:17,558 Nanoget: Gathered all metrics of 3426869 reads
2024-05-08 02:39:19,767 Calculated statistics
2024-05-08 02:39:19,770 Using sequenced read lengths for plotting.
2024-05-08 02:39:19,885 NanoPlot:  Valid color #4CB391.
2024-05-08 02:39:19,887 NanoPlot:  Valid colormap Greens.
2024-05-08 02:39:20,350 NanoPlot:  Creating length plots for Read length.
2024-05-08 02:39:20,365 NanoPlot: Using 3426869 reads with read length N50 of 5971bp and maximum of 206340bp.
2024-05-08 02:39:25,256 Saved nanoplot/WeightedHistogramReadlength  as png (or png for --legacy)
2024-05-08 02:39:26,985 Saved nanoplot/WeightedLogTransformed_HistogramReadlength  as png (or png for --legacy)
2024-05-08 02:39:28,542 Saved nanoplot/Non_weightedHistogramReadlength  as png (or png for --legacy)
2024-05-08 02:39:30,122 Saved nanoplot/Non_weightedLogTransformed_HistogramReadlength  as png (or png for --legacy)
2024-05-08 02:39:33,731 Saved nanoplot/Yield_By_Length  as png (or png for --legacy)
2024-05-08 02:39:33,734 Created length plots
2024-05-08 02:39:33,913 NanoPlot: Creating Read lengths vs Average read quality plots using 3426869 reads.
2024-05-08 02:39:36,762 Saved nanoplot/LengthvsQualityScatterPlot_dot  as png (or png for --legacy)
2024-05-08 02:39:36,786 Created LengthvsQual plot
2024-05-08 02:39:36,787 Writing html report.
2024-05-08 02:39:36,864 Finished!
