2024-05-09 02:56:14,079 NanoPlot 1.42.0 started with arguments Namespace(N50=True, alength=False, bam=None, barcoded=False, color='#4CB391', colormap='Greens', cram=None, downsample=None, dpi=100, drop_outliers=False, fasta=None, fastq=['../../../3_adapter_removal/third_run/barcode04/soft_filter/barcode04.trimmed.highquality.noadapter.fastq/BC04.fastq'], fastq_minimal=None, fastq_rich=None, feather=None, font_scale=1, format=['png'], hide_stats=False, huge=False, info_in_report=False, legacy=['dot'], listcolormaps=False, listcolors=False, loglength=False, maxlength=None, minlength=None, minqual=None, no_N50=False, no_static=False, no_supplementary=False, only_report=False, outdir='nanoplot', path='nanoplot/', percentqual=False, pickle=None, plots=['dot'], prefix='', raw=False, readtype='1D', runtime_until=None, store=False, summary=None, threads=5, title=None, tsv_stats=False, ubam=None, verbose=False)
2024-05-09 02:56:14,092 Python version is: 3.7.12 | packaged by conda-forge | (default, Oct 26 2021, 06:08:21)  [GCC 9.4.0]
2024-05-09 02:56:14,115 Nanoget: Starting to collect statistics from plain fastq file.
2024-05-09 03:23:33,368 Reduced DataFrame memory usage from 52.98316955566406Mb to 35.322113037109375Mb
2024-05-09 03:23:33,477 Nanoget: Gathered all metrics of 2314870 reads
2024-05-09 03:23:34,979 Calculated statistics
2024-05-09 03:23:34,983 Using sequenced read lengths for plotting.
2024-05-09 03:23:35,072 NanoPlot:  Valid color #4CB391.
2024-05-09 03:23:35,074 NanoPlot:  Valid colormap Greens.
2024-05-09 03:23:35,386 NanoPlot:  Creating length plots for Read length.
2024-05-09 03:23:35,391 NanoPlot: Using 2314870 reads with read length N50 of 7936bp and maximum of 54223bp.
2024-05-09 03:23:43,841 Saved nanoplot/WeightedHistogramReadlength  as png (or png for --legacy)
2024-05-09 03:23:45,306 Saved nanoplot/WeightedLogTransformed_HistogramReadlength  as png (or png for --legacy)
2024-05-09 03:23:46,757 Saved nanoplot/Non_weightedHistogramReadlength  as png (or png for --legacy)
2024-05-09 03:23:48,041 Saved nanoplot/Non_weightedLogTransformed_HistogramReadlength  as png (or png for --legacy)
2024-05-09 03:23:51,906 Saved nanoplot/Yield_By_Length  as png (or png for --legacy)
2024-05-09 03:23:51,950 Created length plots
2024-05-09 03:23:52,080 NanoPlot: Creating Read lengths vs Average read quality plots using 2314870 reads.
2024-05-09 03:23:54,308 Saved nanoplot/LengthvsQualityScatterPlot_dot  as png (or png for --legacy)
2024-05-09 03:23:54,323 Created LengthvsQual plot
2024-05-09 03:23:54,325 Writing html report.
2024-05-09 03:23:54,411 Finished!
