2024-05-08 02:14:26,882 NanoPlot 1.42.0 started with arguments Namespace(N50=True, alength=False, bam=None, barcoded=False, color='#4CB391', colormap='Greens', cram=None, downsample=None, dpi=100, drop_outliers=False, fasta=None, fastq=['../../../0_raw/third_run/barcode04/barcode04.fastq'], fastq_minimal=None, fastq_rich=None, feather=None, font_scale=1, format=['png'], hide_stats=False, huge=False, info_in_report=False, legacy=['dot'], listcolormaps=False, listcolors=False, loglength=False, maxlength=None, minlength=None, minqual=None, no_N50=False, no_static=False, no_supplementary=False, only_report=False, outdir='nanoplot', path='nanoplot/', percentqual=False, pickle=None, plots=['dot'], prefix='', raw=False, readtype='1D', runtime_until=None, store=False, summary=None, threads=5, title=None, tsv_stats=False, ubam=None, verbose=False)
2024-05-08 02:14:26,970 Python version is: 3.7.12 | packaged by conda-forge | (default, Oct 26 2021, 06:08:21)  [GCC 9.4.0]
2024-05-08 02:14:27,258 Nanoget: Starting to collect statistics from plain fastq file.
2024-05-08 02:40:59,930 Reduced DataFrame memory usage from 64.55923461914062Mb to 43.03948974609375Mb
2024-05-08 02:41:00,076 Nanoget: Gathered all metrics of 2820636 reads
2024-05-08 02:41:01,558 Calculated statistics
2024-05-08 02:41:01,560 Using sequenced read lengths for plotting.
2024-05-08 02:41:01,644 NanoPlot:  Valid color #4CB391.
2024-05-08 02:41:01,645 NanoPlot:  Valid colormap Greens.
2024-05-08 02:41:01,938 NanoPlot:  Creating length plots for Read length.
2024-05-08 02:41:01,944 NanoPlot: Using 2820636 reads with read length N50 of 7738bp and maximum of 189984bp.
2024-05-08 02:41:07,576 Saved nanoplot/WeightedHistogramReadlength  as png (or png for --legacy)
2024-05-08 02:41:09,151 Saved nanoplot/WeightedLogTransformed_HistogramReadlength  as png (or png for --legacy)
2024-05-08 02:41:10,345 Saved nanoplot/Non_weightedHistogramReadlength  as png (or png for --legacy)
2024-05-08 02:41:11,886 Saved nanoplot/Non_weightedLogTransformed_HistogramReadlength  as png (or png for --legacy)
2024-05-08 02:41:14,781 Saved nanoplot/Yield_By_Length  as png (or png for --legacy)
2024-05-08 02:41:14,825 Created length plots
2024-05-08 02:41:14,959 NanoPlot: Creating Read lengths vs Average read quality plots using 2820636 reads.
2024-05-08 02:41:17,233 Saved nanoplot/LengthvsQualityScatterPlot_dot  as png (or png for --legacy)
2024-05-08 02:41:17,244 Created LengthvsQual plot
2024-05-08 02:41:17,244 Writing html report.
2024-05-08 02:41:17,312 Finished!
