2024-03-09 18:50:06,711 NanoPlot 1.42.0 started with arguments Namespace(N50=True, alength=False, bam=None, barcoded=False, color='#4CB391', colormap='Greens', cram=None, downsample=None, dpi=100, drop_outliers=False, fasta=None, fastq=['../0_raw/all.fastq'], fastq_minimal=None, fastq_rich=None, feather=None, font_scale=1, format=['png'], hide_stats=False, huge=False, info_in_report=False, legacy=['dot'], listcolormaps=False, listcolors=False, loglength=False, maxlength=None, minlength=None, minqual=None, no_N50=False, no_static=False, no_supplementary=False, only_report=False, outdir='nanoplot', path='nanoplot/', percentqual=False, pickle=None, plots=['dot'], prefix='', raw=False, readtype='1D', runtime_until=None, store=False, summary=None, threads=2, title=None, tsv_stats=False, ubam=None, verbose=False)
2024-03-09 18:50:06,711 Python version is: 3.7.16 (default, Jan 17 2023, 22:20:44)  [GCC 11.2.0]
2024-03-09 18:50:06,721 Nanoget: Starting to collect statistics from plain fastq file.
2024-03-09 19:10:13,183 Reduced DataFrame memory usage from 133.5501480102539Mb to 89.03343200683594Mb
2024-03-09 19:10:13,546 Nanoget: Gathered all metrics of 5834895 reads
2024-03-09 19:10:16,431 Calculated statistics
2024-03-09 19:10:16,432 Using sequenced read lengths for plotting.
2024-03-09 19:10:16,558 NanoPlot:  Valid color #4CB391.
2024-03-09 19:10:16,558 NanoPlot:  Valid colormap Greens.
2024-03-09 19:10:17,096 NanoPlot:  Creating length plots for Read length.
2024-03-09 19:10:17,101 NanoPlot: Using 5834895 reads with read length N50 of 5134bp and maximum of 274651bp.
2024-03-09 19:10:18,350 Saved nanoplot/WeightedHistogramReadlength  as png (or png for --legacy)
2024-03-09 19:10:19,432 Saved nanoplot/WeightedLogTransformed_HistogramReadlength  as png (or png for --legacy)
2024-03-09 19:10:20,432 Saved nanoplot/Non_weightedHistogramReadlength  as png (or png for --legacy)
2024-03-09 19:10:21,449 Saved nanoplot/Non_weightedLogTransformed_HistogramReadlength  as png (or png for --legacy)
2024-03-09 19:10:23,390 Saved nanoplot/Yield_By_Length  as png (or png for --legacy)
2024-03-09 19:10:23,398 Created length plots
2024-03-09 19:10:23,609 NanoPlot: Creating Read lengths vs Average read quality plots using 5834895 reads.
2024-03-09 19:10:25,643 Saved nanoplot/LengthvsQualityScatterPlot_dot  as png (or png for --legacy)
2024-03-09 19:10:25,669 Created LengthvsQual plot
2024-03-09 19:10:25,670 Writing html report.
2024-03-09 19:10:25,683 Finished!
