DAS Tool 1.1.7 
2024-02-19 02:23:55.225465 

Parameters: 
--bins	sample_data/MetaBAT2.contigs2bin.tsv,sample_data/MaxBin2.contigs2bin.tsv,sample_data/CONCOCT.contigs2bin.tsv
--contigs	../8_prokaryote_contigs/prokaryote/assembly_prokaryote.fasta
--outputbasename	output/DASToolRun
--labels	MetaBAT2,MaxBin2,CONCOCT
--search_engine	diamond
--proteins	NULL
--write_bin_evals	TRUE
--write_bins	TRUE
--write_unbinned	FALSE
--threads	10
--score_threshold	0.5
--duplicate_penalty	0.6
--megabin_penalty	0.5
--max_iter_post_threshold	10
--dbDirectory	db
--resume	FALSE
--debug	FALSE
--version	FALSE
--help	FALSE

Dependencies: 
prodigal	/home/felipe.peres/.conda/envs/metagenomics/bin/prodigal
diamond	/home/felipe.peres/.conda/envs/metagenomics/bin/diamond
pullseq	/home/felipe.peres/.conda/envs/metagenomics/bin/pullseq
ruby	/home/felipe.peres/.conda/envs/metagenomics/bin/ruby
usearch	
blastp	/home/felipe.peres/.conda/envs/metagenomics/bin/blastp

Analyzing assembly 
Predicting genes 
Annotating single copy genes using diamond 
Dereplicating, aggregating, and scoring bins 
Writing bins 
