2025-03-27 22:01:16,279 NanoPlot 1.42.0 started with arguments Namespace(N50=True, alength=False, bam=None, barcoded=False, color='#4CB391', colormap='Greens', cram=None, downsample=None, dpi=100, drop_outliers=False, fasta=None, fastq=['/work3/fevape/rerun-analysis/0_rawReads/run03/barcode04/barcode04.fastq'], fastq_minimal=None, fastq_rich=None, feather=None, font_scale=1, format=['png'], hide_stats=False, huge=False, info_in_report=False, legacy=['dot'], listcolormaps=False, listcolors=False, loglength=False, maxlength=None, minlength=None, minqual=None, no_N50=False, no_static=False, no_supplementary=False, only_report=False, outdir='nanoplot', path='nanoplot/', percentqual=False, pickle=None, plots=['dot'], prefix='', raw=False, readtype='1D', runtime_until=None, store=False, summary=None, threads=5, title=None, tsv_stats=False, ubam=None, verbose=False)
2025-03-27 22:01:16,296 Python version is: 3.7.12 | packaged by conda-forge | (default, Oct 26 2021, 06:08:21)  [GCC 9.4.0]
2025-03-27 22:01:16,334 Nanoget: Starting to collect statistics from plain fastq file.
2025-03-27 22:22:24,496 Reduced DataFrame memory usage from 64.55923461914062Mb to 43.03948974609375Mb
2025-03-27 22:22:24,723 Nanoget: Gathered all metrics of 2820636 reads
2025-03-27 22:22:26,103 Calculated statistics
2025-03-27 22:22:26,104 Using sequenced read lengths for plotting.
2025-03-27 22:22:26,176 NanoPlot:  Valid color #4CB391.
2025-03-27 22:22:26,177 NanoPlot:  Valid colormap Greens.
2025-03-27 22:22:26,469 NanoPlot:  Creating length plots for Read length.
2025-03-27 22:22:26,473 NanoPlot: Using 2820636 reads with read length N50 of 7738bp and maximum of 189984bp.
2025-03-27 22:22:30,585 Saved nanoplot/WeightedHistogramReadlength  as png (or png for --legacy)
2025-03-27 22:22:31,636 Saved nanoplot/WeightedLogTransformed_HistogramReadlength  as png (or png for --legacy)
2025-03-27 22:22:32,571 Saved nanoplot/Non_weightedHistogramReadlength  as png (or png for --legacy)
2025-03-27 22:22:33,563 Saved nanoplot/Non_weightedLogTransformed_HistogramReadlength  as png (or png for --legacy)
2025-03-27 22:22:36,389 Saved nanoplot/Yield_By_Length  as png (or png for --legacy)
2025-03-27 22:22:36,391 Created length plots
2025-03-27 22:22:36,496 NanoPlot: Creating Read lengths vs Average read quality plots using 2820636 reads.
2025-03-27 22:22:38,194 Saved nanoplot/LengthvsQualityScatterPlot_dot  as png (or png for --legacy)
2025-03-27 22:22:38,206 Created LengthvsQual plot
2025-03-27 22:22:38,208 Writing html report.
2025-03-27 22:22:38,237 Finished!
