2024-05-08 02:14:26,824 NanoPlot 1.42.0 started with arguments Namespace(N50=True, alength=False, bam=None, barcoded=False, color='#4CB391', colormap='Greens', cram=None, downsample=None, dpi=100, drop_outliers=False, fasta=None, fastq=['../../../0_raw/third_run/barcode05/barcode05.fastq'], fastq_minimal=None, fastq_rich=None, feather=None, font_scale=1, format=['png'], hide_stats=False, huge=False, info_in_report=False, legacy=['dot'], listcolormaps=False, listcolors=False, loglength=False, maxlength=None, minlength=None, minqual=None, no_N50=False, no_static=False, no_supplementary=False, only_report=False, outdir='nanoplot', path='nanoplot/', percentqual=False, pickle=None, plots=['dot'], prefix='', raw=False, readtype='1D', runtime_until=None, store=False, summary=None, threads=5, title=None, tsv_stats=False, ubam=None, verbose=False)
2024-05-08 02:14:26,881 Python version is: 3.7.12 | packaged by conda-forge | (default, Oct 26 2021, 06:08:21)  [GCC 9.4.0]
2024-05-08 02:14:27,260 Nanoget: Starting to collect statistics from plain fastq file.
2024-05-08 02:30:56,569 Reduced DataFrame memory usage from 65.86537170410156Mb to 43.910247802734375Mb
2024-05-08 02:30:56,738 Nanoget: Gathered all metrics of 2877702 reads
2024-05-08 02:30:58,261 Calculated statistics
2024-05-08 02:30:58,262 Using sequenced read lengths for plotting.
2024-05-08 02:30:58,345 NanoPlot:  Valid color #4CB391.
2024-05-08 02:30:58,346 NanoPlot:  Valid colormap Greens.
2024-05-08 02:30:58,676 NanoPlot:  Creating length plots for Read length.
2024-05-08 02:30:58,680 NanoPlot: Using 2877702 reads with read length N50 of 5116bp and maximum of 145124bp.
2024-05-08 02:31:01,631 Saved nanoplot/WeightedHistogramReadlength  as png (or png for --legacy)
2024-05-08 02:31:02,933 Saved nanoplot/WeightedLogTransformed_HistogramReadlength  as png (or png for --legacy)
2024-05-08 02:31:03,980 Saved nanoplot/Non_weightedHistogramReadlength  as png (or png for --legacy)
2024-05-08 02:31:05,278 Saved nanoplot/Non_weightedLogTransformed_HistogramReadlength  as png (or png for --legacy)
2024-05-08 02:31:08,609 Saved nanoplot/Yield_By_Length  as png (or png for --legacy)
2024-05-08 02:31:08,621 Created length plots
2024-05-08 02:31:08,729 NanoPlot: Creating Read lengths vs Average read quality plots using 2877702 reads.
2024-05-08 02:31:10,678 Saved nanoplot/LengthvsQualityScatterPlot_dot  as png (or png for --legacy)
2024-05-08 02:31:10,699 Created LengthvsQual plot
2024-05-08 02:31:10,700 Writing html report.
2024-05-08 02:31:10,717 Finished!
