2025-03-26 20:54:43,163 NanoPlot 1.42.0 started with arguments Namespace(N50=True, alength=False, bam=None, barcoded=False, color='#4CB391', colormap='Greens', cram=None, downsample=None, dpi=100, drop_outliers=False, fasta=None, fastq=['/work3/fevape/rerun-analysis/0_rawReads/run03/barcode01/barcode01.fastq'], fastq_minimal=None, fastq_rich=None, feather=None, font_scale=1, format=['png'], hide_stats=False, huge=False, info_in_report=False, legacy=['dot'], listcolormaps=False, listcolors=False, loglength=False, maxlength=None, minlength=None, minqual=None, no_N50=False, no_static=False, no_supplementary=False, only_report=False, outdir='nanoplot', path='nanoplot/', percentqual=False, pickle=None, plots=['dot'], prefix='', raw=False, readtype='1D', runtime_until=None, store=False, summary=None, threads=5, title=None, tsv_stats=False, ubam=None, verbose=False)
2025-03-26 20:54:43,164 Python version is: 3.7.12 | packaged by conda-forge | (default, Oct 26 2021, 06:08:21)  [GCC 9.4.0]
2025-03-26 20:54:43,523 Nanoget: Starting to collect statistics from plain fastq file.
2025-03-26 20:55:29,106 Reduced DataFrame memory usage from 2.35345458984375Mb to 1.5689697265625Mb
2025-03-26 20:55:29,137 Nanoget: Gathered all metrics of 102824 reads
2025-03-26 20:55:29,228 Calculated statistics
2025-03-26 20:55:29,229 Using sequenced read lengths for plotting.
2025-03-26 20:55:29,265 NanoPlot:  Valid color #4CB391.
2025-03-26 20:55:29,267 NanoPlot:  Valid colormap Greens.
2025-03-26 20:55:29,289 NanoPlot:  Creating length plots for Read length.
2025-03-26 20:55:29,290 NanoPlot: Using 102824 reads with read length N50 of 5723bp and maximum of 43567bp.
2025-03-26 20:55:48,264 Saved nanoplot/WeightedHistogramReadlength  as png (or png for --legacy)
2025-03-26 20:55:49,512 Saved nanoplot/WeightedLogTransformed_HistogramReadlength  as png (or png for --legacy)
2025-03-26 20:55:50,517 Saved nanoplot/Non_weightedHistogramReadlength  as png (or png for --legacy)
2025-03-26 20:55:51,558 Saved nanoplot/Non_weightedLogTransformed_HistogramReadlength  as png (or png for --legacy)
2025-03-26 20:56:15,206 Saved nanoplot/Yield_By_Length  as png (or png for --legacy)
2025-03-26 20:56:15,207 Created length plots
2025-03-26 20:56:15,218 NanoPlot: Creating Read lengths vs Average read quality plots using 102824 reads.
2025-03-26 20:56:17,990 Saved nanoplot/LengthvsQualityScatterPlot_dot  as png (or png for --legacy)
2025-03-26 20:56:18,069 Created LengthvsQual plot
2025-03-26 20:56:18,070 Writing html report.
2025-03-26 20:56:18,118 Finished!
