2025-03-28 00:24:03,693 NanoPlot 1.42.0 started with arguments Namespace(N50=True, alength=False, bam=None, barcoded=False, color='#4CB391', colormap='Greens', cram=None, downsample=None, dpi=100, drop_outliers=False, fasta=None, fastq=['/work3/fevape/rerun-analysis/3_adapterRemoval/run03/barcode02/soft_filter/barcode02.trimmed.highquality.noadapter.fastq/BC02.fastq'], fastq_minimal=None, fastq_rich=None, feather=None, font_scale=1, format=['png'], hide_stats=False, huge=False, info_in_report=False, legacy=['dot'], listcolormaps=False, listcolors=False, loglength=False, maxlength=None, minlength=None, minqual=None, no_N50=False, no_static=False, no_supplementary=False, only_report=False, outdir='nanoplot', path='nanoplot/', percentqual=False, pickle=None, plots=['dot'], prefix='', raw=False, readtype='1D', runtime_until=None, store=False, summary=None, threads=5, title=None, tsv_stats=False, ubam=None, verbose=False)
2025-03-28 00:24:03,751 Python version is: 3.7.12 | packaged by conda-forge | (default, Oct 26 2021, 06:08:21)  [GCC 9.4.0]
2025-03-28 00:24:03,785 Nanoget: Starting to collect statistics from plain fastq file.
2025-03-28 00:41:11,803 Reduced DataFrame memory usage from 63.22645568847656Mb to 42.150970458984375Mb
2025-03-28 00:41:12,004 Nanoget: Gathered all metrics of 2762406 reads
2025-03-28 00:41:13,329 Calculated statistics
2025-03-28 00:41:13,331 Using sequenced read lengths for plotting.
2025-03-28 00:41:13,412 NanoPlot:  Valid color #4CB391.
2025-03-28 00:41:13,413 NanoPlot:  Valid colormap Greens.
2025-03-28 00:41:13,692 NanoPlot:  Creating length plots for Read length.
2025-03-28 00:41:13,696 NanoPlot: Using 2762406 reads with read length N50 of 6247bp and maximum of 206264bp.
2025-03-28 00:41:18,393 Saved nanoplot/WeightedHistogramReadlength  as png (or png for --legacy)
2025-03-28 00:41:19,451 Saved nanoplot/WeightedLogTransformed_HistogramReadlength  as png (or png for --legacy)
2025-03-28 00:41:20,383 Saved nanoplot/Non_weightedHistogramReadlength  as png (or png for --legacy)
2025-03-28 00:41:21,345 Saved nanoplot/Non_weightedLogTransformed_HistogramReadlength  as png (or png for --legacy)
2025-03-28 00:41:24,072 Saved nanoplot/Yield_By_Length  as png (or png for --legacy)
2025-03-28 00:41:24,075 Created length plots
2025-03-28 00:41:24,193 NanoPlot: Creating Read lengths vs Average read quality plots using 2762406 reads.
2025-03-28 00:41:25,980 Saved nanoplot/LengthvsQualityScatterPlot_dot  as png (or png for --legacy)
2025-03-28 00:41:25,997 Created LengthvsQual plot
2025-03-28 00:41:25,998 Writing html report.
2025-03-28 00:41:26,013 Finished!
